<?xml version="1.0" encoding="UTF-8" ?>
<testsuite tests="2" failures="2" name="ch.csbe.modul404.CalculatorTest" time="0.001" errors="0" skipped="0">
  <properties>
[...]
</properties>
  <testcase classname="ch.csbe.modul404.CalculatorTest" name="ch.csbe.modul404.CalculatorTest.testMultiply" time="0.001">
    <failure message="Cannot invoke &quot;ch.csbe.modul404.Calculator.multiply(double, double)&quot; because &quot;this.calculator&quot; is null" type="java.lang.NullPointerException">java.lang.NullPointerException: Cannot invoke &quot;ch.csbe.modul404.Calculator.multiply(double, double)&quot; because &quot;this.calculator&quot; is null
	at ch.csbe.modul404.CalculatorTest.testMultiply(CalculatorTest.java:37)
</failure>
  </testcase>
  <testcase classname="ch.csbe.modul404.CalculatorTest" name="ch.csbe.modul404.CalculatorTest.testAdd" time="0">
    <failure message="Cannot invoke &quot;ch.csbe.modul404.Calculator.add(double, double)&quot; because &quot;this.calculator&quot; is null" type="java.lang.NullPointerException">java.lang.NullPointerException: Cannot invoke &quot;ch.csbe.modul404.Calculator.add(double, double)&quot; because &quot;this.calculator&quot; is null
	at ch.csbe.modul404.CalculatorTest.testAdd(CalculatorTest.java:30)
</failure>
  </testcase>
</testsuite>